0 info it worked if it ends with ok
1 verbose cli [ 'C:\\Program Files\\nodejs\\node.exe',
1 verbose cli   'C:\\Program Files\\nodejs\\node_global\\node_modules\\npm\\bin\\npm-cli.js',
1 verbose cli   'run',
1 verbose cli   'dev' ]
2 info using npm@4.1.1
3 info using node@v10.15.3
4 verbose run-script [ 'predev', 'dev', 'postdev' ]
5 info lifecycle cmiot-playersdk@0.0.6~predev: cmiot-playersdk@0.0.6
6 silly lifecycle cmiot-playersdk@0.0.6~predev: no script for predev, continuing
7 info lifecycle cmiot-playersdk@0.0.6~dev: cmiot-playersdk@0.0.6
8 verbose lifecycle cmiot-playersdk@0.0.6~dev: unsafe-perm in lifecycle true
9 verbose lifecycle cmiot-playersdk@0.0.6~dev: PATH: C:\Program Files\nodejs\node_global\node_modules\npm\bin\node-gyp-bin;E:\Project\web-sdk\node_modules\.bin;C:\Program Files (x86)\Intel\iCLS Client\;C:\Program Files\Intel\iCLS Client\;C:\windows\system32;C:\windows;C:\windows\System32\Wbem;C:\windows\System32\WindowsPowerShell\v1.0\;C:\Program Files (x86)\Intel\Intel(R) Management Engine Components\DAL;C:\Program Files\Intel\Intel(R) Management Engine Components\DAL;C:\Program Files (x86)\Intel\Intel(R) Management Engine Components\IPT;C:\Program Files\Intel\Intel(R) Management Engine Components\IPT;c:\Program Files (x86)\ATI Technologies\ATI.ACE\Core-Static;E:\develop\developTools\Git\cmd;E:\develop\python;E:\develop\python\Scripts;C:\Program Files\nodejs\node_global\;C:\Program Files\MongoDB\Server\3.2\bin;C:\Program Files\MySQL\MySQL Server 5.5\bin;C:\Program Files\nodejs\;C:\Program Files\nodejs\node_global\;E:\my\Egret Wing 3\bin;C:\Users\sindlly\AppData\Roaming\npm;C:\Users\sindlly\AppData\Local\BypassRuntm;C:\Program Files (x86)\MyDrivers\DriverGenius;C:\Program Files (x86)\MyDrivers\DriverGenius\ksoft
10 verbose lifecycle cmiot-playersdk@0.0.6~dev: CWD: E:\Project\web-sdk
11 silly lifecycle cmiot-playersdk@0.0.6~dev: Args: [ '/d /s /c',
11 silly lifecycle   ' cross-env NODE_ENV=dev webpack-dev-server --open' ]
12 verbose stack Error: kill ENOSYS
12 verbose stack     at process.kill (internal/process/per_thread.js:198:13)
12 verbose stack     at process.listener (C:\Program Files\nodejs\node_global\node_modules\npm\node_modules\npmlog\node_modules\gauge\node_modules\signal-exit\index.js:95:15)
12 verbose stack     at process.emit (events.js:189:13)
13 verbose cwd E:\Project\web-sdk
14 error Windows_NT 6.1.7601
15 error argv "C:\\Program Files\\nodejs\\node.exe" "C:\\Program Files\\nodejs\\node_global\\node_modules\\npm\\bin\\npm-cli.js" "run" "dev"
16 error node v10.15.3
17 error npm  v4.1.1
18 error code ENOSYS
19 error errno ENOSYS
20 error syscall kill
21 error kill ENOSYS
22 error If you need help, you may report this error at:
22 error     <https://github.com/npm/npm/issues>
23 verbose exit [ 1, true ]
